<?xml version="1.0" encoding="UTF-8"?>
<!-- Generated by org.testng.reporters.JUnitReportReporter -->
<testsuite hostname="DESKTOP-PFR1QLE" name="TestNG.GoogleLanguages_PM" tests="1" failures="0" timestamp="5 Apr 2018 17:00:03 GMT" time="92.341" errors="0">
  <testcase name="googleLinks" time="92.341" classname="TestNG.GoogleLanguages_PM"/>
</testsuite> <!-- TestNG.GoogleLanguages_PM -->
