<?xml version="1.0" encoding="UTF-8"?>
<!-- Generated by org.testng.reporters.JUnitReportReporter -->
<testsuite hostname="DESKTOP-PFR1QLE" name="TestNG.HMS_Login_Logout" tests="1" failures="0" timestamp="4 Apr 2018 17:13:55 GMT" time="11.267" errors="0">
  <testcase name="f" time="11.267" classname="TestNG.HMS_Login_Logout"/>
</testsuite> <!-- TestNG.HMS_Login_Logout -->
