<?xml version="1.0" encoding="UTF-8"?>
<!-- Generated by org.testng.reporters.JUnitReportReporter -->
<testsuite hostname="DESKTOP-PFR1QLE" name="TestNG.SpiceJet_PM" tests="3" failures="0" timestamp="5 Apr 2018 16:58:14 GMT" time="111.930" errors="0">
  <testcase name="oneWaySearch1" time="28.958" classname="TestNG.SpiceJet_PM"/>
  <testcase name="oneWaySearch2" time="27.042" classname="TestNG.SpiceJet_PM"/>
  <testcase name="oneWaySearch" time="55.930" classname="TestNG.SpiceJet_PM"/>
</testsuite> <!-- TestNG.SpiceJet_PM -->
