<?xml version="1.0" encoding="UTF-8"?>
<!-- Generated by org.testng.reporters.JUnitReportReporter -->
<testsuite hostname="DESKTOP-PFR1QLE" name="TestNG.SpiceJet_Alert" tests="2" failures="0" timestamp="5 Apr 2018 17:37:30 GMT" time="51.156" errors="0">
  <testcase name="spiceJetAlerts" time="0.147" classname="TestNG.SpiceJet_Alert"/>
  <testcase name="spiceJet" time="51.009" classname="TestNG.SpiceJet_Alert"/>
</testsuite> <!-- TestNG.SpiceJet_Alert -->
