<?xml version="1.0" encoding="UTF-8"?>
<!-- Generated by org.testng.reporters.JUnitReportReporter -->
<testsuite hostname="DESKTOP-PFR1QLE" name="TestNG.WebtableHandling" tests="1" failures="0" timestamp="8 Apr 2018 07:32:37 GMT" time="2.093" errors="0">
  <testcase name="f" time="2.093" classname="TestNG.WebtableHandling"/>
</testsuite> <!-- TestNG.WebtableHandling -->
